Compiling C:\Users\ganga\OneDrive\Documents\------TEMUULEL------\TEST_REPORT\Enginering model\CODE\VSbased development\OBC\main on 29-Apr-25 at 23:04
C:\Users\ganga\OneDrive\Documents\------TEMUULEL------\TEST_REPORT\Enginering model\CODE\VSbased development\OBC\main.h:432:1:  Warning#204  Condition always FALSE
C:\Users\ganga\OneDrive\Documents\------TEMUULEL------\TEST_REPORT\Enginering model\CODE\VSbased development\OBC\main.h:635:1:  Warning#207  Code has no effect
C:\Users\ganga\OneDrive\Documents\------TEMUULEL------\TEST_REPORT\Enginering model\CODE\VSbased development\OBC\main.h:1194:1:  Warning#203  Condition always TRUE
C:\Users\ganga\OneDrive\Documents\------TEMUULEL------\TEST_REPORT\Enginering model\CODE\VSbased development\OBC\flashoperation.c:247:26:  Error#12  Undefined identifier  -- SUBSECTOR_4KB_ERASE_OF
C:\Users\ganga\OneDrive\Documents\------TEMUULEL------\TEST_REPORT\Enginering model\CODE\VSbased development\OBC\flashoperation.c:251:25:  Error#12  Undefined identifier  -- WRITE_DATA_BYTE_OF
C:\Users\ganga\OneDrive\Documents\------TEMUULEL------\TEST_REPORT\Enginering model\CODE\VSbased development\OBC\flashoperation.c:255:27:  Error#12  Undefined identifier  -- SUBSECTOR_4KB_ERASE_SCF
C:\Users\ganga\OneDrive\Documents\------TEMUULEL------\TEST_REPORT\Enginering model\CODE\VSbased development\OBC\flashoperation.c:259:26:  Error#12  Undefined identifier  -- WRITE_DATA_BYTE_SCF
C:\Users\ganga\OneDrive\Documents\------TEMUULEL------\TEST_REPORT\Enginering model\CODE\VSbased development\OBC\flashoperation.c:263:27:  Error#12  Undefined identifier  -- SUBSECTOR_4KB_ERASE_SMF
C:\Users\ganga\OneDrive\Documents\------TEMUULEL------\TEST_REPORT\Enginering model\CODE\VSbased development\OBC\flashoperation.c:267:26:  Error#12  Undefined identifier  -- WRITE_DATA_BYTE_SMF
C:\Users\ganga\OneDrive\Documents\------TEMUULEL------\TEST_REPORT\Enginering model\CODE\VSbased development\OBC\flashoperation.c:306:24:  Error#12  Undefined identifier  -- READ_DATA_BYTE_OF
C:\Users\ganga\OneDrive\Documents\------TEMUULEL------\TEST_REPORT\Enginering model\CODE\VSbased development\OBC\flashoperation.c:308:28:  Error#12  Undefined identifier  -- READ_DATA_BYTE_SCF
C:\Users\ganga\OneDrive\Documents\------TEMUULEL------\TEST_REPORT\Enginering model\CODE\VSbased development\OBC\flashoperation.c:310:31:  Error#12  Undefined identifier  -- READ_DATA_BYTE_SMF
C:\Users\ganga\OneDrive\Documents\------TEMUULEL------\TEST_REPORT\Enginering model\CODE\VSbased development\OBC\flashoperation.c:317:11:  Error#51  A numeric expression must appear here
C:\Users\ganga\OneDrive\Documents\------TEMUULEL------\TEST_REPORT\Enginering model\CODE\VSbased development\OBC\flashoperation.c:318:52:  Error#12  Undefined identifier  -- READ_DATA_BYTE_SMF
C:\Users\ganga\OneDrive\Documents\------TEMUULEL------\TEST_REPORT\Enginering model\CODE\VSbased development\OBC\flashoperation.c:319:52:  Error#12  Undefined identifier  -- READ_DATA_BYTE_SMF
C:\Users\ganga\OneDrive\Documents\------TEMUULEL------\TEST_REPORT\Enginering model\CODE\VSbased development\OBC\flashoperation.c:320:52:  Error#12  Undefined identifier  -- READ_DATA_BYTE_SMF
C:\Users\ganga\OneDrive\Documents\------TEMUULEL------\TEST_REPORT\Enginering model\CODE\VSbased development\OBC\flashoperation.c:321:52:  Error#12  Undefined identifier  -- READ_DATA_BYTE_SMF
C:\Users\ganga\OneDrive\Documents\------TEMUULEL------\TEST_REPORT\Enginering model\CODE\VSbased development\OBC\flashoperation.c:324:8:  Error#51  A numeric expression must appear here
C:\Users\ganga\OneDrive\Documents\------TEMUULEL------\TEST_REPORT\Enginering model\CODE\VSbased development\OBC\flashoperation.c:325:49:  Error#12  Undefined identifier  -- READ_DATA_BYTE_SCF
C:\Users\ganga\OneDrive\Documents\------TEMUULEL------\TEST_REPORT\Enginering model\CODE\VSbased development\OBC\flashoperation.c:326:49:  Error#12  Undefined identifier  -- READ_DATA_BYTE_SCF
C:\Users\ganga\OneDrive\Documents\------TEMUULEL------\TEST_REPORT\Enginering model\CODE\VSbased development\OBC\flashoperation.c:327:49:  Error#12  Undefined identifier  -- READ_DATA_BYTE_SCF
C:\Users\ganga\OneDrive\Documents\------TEMUULEL------\TEST_REPORT\Enginering model\CODE\VSbased development\OBC\flashoperation.c:328:49:  Error#12  Undefined identifier  -- READ_DATA_BYTE_SCF
C:\Users\ganga\OneDrive\Documents\------TEMUULEL------\TEST_REPORT\Enginering model\CODE\VSbased development\OBC\flashoperation.c:331:5:  Error#51  A numeric expression must appear here
C:\Users\ganga\OneDrive\Documents\------TEMUULEL------\TEST_REPORT\Enginering model\CODE\VSbased development\OBC\flashoperation.c:332:45:  Error#12  Undefined identifier  -- READ_DATA_BYTE_OF
C:\Users\ganga\OneDrive\Documents\------TEMUULEL------\TEST_REPORT\Enginering model\CODE\VSbased development\OBC\flashoperation.c:333:45:  Error#12  Undefined identifier  -- READ_DATA_BYTE_OF
C:\Users\ganga\OneDrive\Documents\------TEMUULEL------\TEST_REPORT\Enginering model\CODE\VSbased development\OBC\flashoperation.c:334:45:  Error#12  Undefined identifier  -- READ_DATA_BYTE_OF
C:\Users\ganga\OneDrive\Documents\------TEMUULEL------\TEST_REPORT\Enginering model\CODE\VSbased development\OBC\flashoperation.c:335:45:  Error#12  Undefined identifier  -- READ_DATA_BYTE_OF
C:\Users\ganga\OneDrive\Documents\------TEMUULEL------\TEST_REPORT\Enginering model\CODE\VSbased development\OBC\flashoperation.c:341:25:  Error#12  Undefined identifier  -- WRITE_DATA_BYTE_OF
C:\Users\ganga\OneDrive\Documents\------TEMUULEL------\TEST_REPORT\Enginering model\CODE\VSbased development\OBC\flashoperation.c:342:26:  Error#12  Undefined identifier  -- WRITE_DATA_BYTE_SCF
C:\Users\ganga\OneDrive\Documents\------TEMUULEL------\TEST_REPORT\Enginering model\CODE\VSbased development\OBC\flashoperation.c:343:26:  Error#12  Undefined identifier  -- WRITE_DATA_BYTE_SMF
C:\Users\ganga\OneDrive\Documents\------TEMUULEL------\TEST_REPORT\Enginering model\CODE\VSbased development\OBC\flashoperation.c:352:47:  Error#12  Undefined identifier  -- READ_DATA_BYTE_OF
C:\Users\ganga\OneDrive\Documents\------TEMUULEL------\TEST_REPORT\Enginering model\CODE\VSbased development\OBC\flashoperation.c:352:64:  Error#43  Expecting a declaration
C:\Users\ganga\OneDrive\Documents\------TEMUULEL------\TEST_REPORT\Enginering model\CODE\VSbased development\OBC\flashoperation.c:352:65:  Error#43  Expecting a declaration
C:\Users\ganga\OneDrive\Documents\------TEMUULEL------\TEST_REPORT\Enginering model\CODE\VSbased development\OBC\flashoperation.c:352:67:  Error#43  Expecting a declaration
C:\Users\ganga\OneDrive\Documents\------TEMUULEL------\TEST_REPORT\Enginering model\CODE\VSbased development\OBC\flashoperation.c:352:68:  Error#43  Expecting a declaration
C:\Users\ganga\OneDrive\Documents\------TEMUULEL------\TEST_REPORT\Enginering model\CODE\VSbased development\OBC\flashoperation.c:352:87:  Error#32  Expecting a , or )
C:\Users\ganga\OneDrive\Documents\------TEMUULEL------\TEST_REPORT\Enginering model\CODE\VSbased development\OBC\flashoperation.c:352:104:  Error#43  Expecting a declaration
C:\Users\ganga\OneDrive\Documents\------TEMUULEL------\TEST_REPORT\Enginering model\CODE\VSbased development\OBC\flashoperation.c:352:106:  Error#43  Expecting a declaration
C:\Users\ganga\OneDrive\Documents\------TEMUULEL------\TEST_REPORT\Enginering model\CODE\VSbased development\OBC\flashoperation.c:352:107:  Error#43  Expecting a declaration
C:\Users\ganga\OneDrive\Documents\------TEMUULEL------\TEST_REPORT\Enginering model\CODE\VSbased development\OBC\flashoperation.c:352:126:  Error#32  Expecting a , or )
C:\Users\ganga\OneDrive\Documents\------TEMUULEL------\TEST_REPORT\Enginering model\CODE\VSbased development\OBC\flashoperation.c:352:143:  Error#43  Expecting a declaration
C:\Users\ganga\OneDrive\Documents\------TEMUULEL------\TEST_REPORT\Enginering model\CODE\VSbased development\OBC\flashoperation.c:352:145:  Error#43  Expecting a declaration
C:\Users\ganga\OneDrive\Documents\------TEMUULEL------\TEST_REPORT\Enginering model\CODE\VSbased development\OBC\flashoperation.c:352:146:  Error#43  Expecting a declaration
C:\Users\ganga\OneDrive\Documents\------TEMUULEL------\TEST_REPORT\Enginering model\CODE\VSbased development\OBC\flashoperation.c:352:165:  Error#32  Expecting a , or )
C:\Users\ganga\OneDrive\Documents\------TEMUULEL------\TEST_REPORT\Enginering model\CODE\VSbased development\OBC\flashoperation.c:352:182:  Error#43  Expecting a declaration
C:\Users\ganga\OneDrive\Documents\------TEMUULEL------\TEST_REPORT\Enginering model\CODE\VSbased development\OBC\flashoperation.c:352:184:  Error#43  Expecting a declaration
C:\Users\ganga\OneDrive\Documents\------TEMUULEL------\TEST_REPORT\Enginering model\CODE\VSbased development\OBC\flashoperation.c:352:185:  Error#43  Expecting a declaration
C:\Users\ganga\OneDrive\Documents\------TEMUULEL------\TEST_REPORT\Enginering model\CODE\VSbased development\OBC\flashoperation.c:353:36:  Error#28  Expecting an identifier
C:\Users\ganga\OneDrive\Documents\------TEMUULEL------\TEST_REPORT\Enginering model\CODE\VSbased development\OBC\flashoperation.c:353:37:  Error#48  Expecting a (
C:\Users\ganga\OneDrive\Documents\------TEMUULEL------\TEST_REPORT\Enginering model\CODE\VSbased development\OBC\flashoperation.c:354:4:  Error#43  Expecting a declaration
C:\Users\ganga\OneDrive\Documents\------TEMUULEL------\TEST_REPORT\Enginering model\CODE\VSbased development\OBC\flashoperation.c:354:6:  Error#43  Expecting a declaration
C:\Users\ganga\OneDrive\Documents\------TEMUULEL------\TEST_REPORT\Enginering model\CODE\VSbased development\OBC\flashoperation.c:354:7:  Error#43  Expecting a declaration
C:\Users\ganga\OneDrive\Documents\------TEMUULEL------\TEST_REPORT\Enginering model\CODE\VSbased development\OBC\flashoperation.c:354:8:  Error#48  Expecting a (
C:\Users\ganga\OneDrive\Documents\------TEMUULEL------\TEST_REPORT\Enginering model\CODE\VSbased development\OBC\flashoperation.c:354:21:  Error#43  Expecting a declaration
C:\Users\ganga\OneDrive\Documents\------TEMUULEL------\TEST_REPORT\Enginering model\CODE\VSbased development\OBC\flashoperation.c:354:26:  Error#43  Expecting a declaration
C:\Users\ganga\OneDrive\Documents\------TEMUULEL------\TEST_REPORT\Enginering model\CODE\VSbased development\OBC\flashoperation.c:354:28:  Error#43  Expecting a declaration
C:\Users\ganga\OneDrive\Documents\------TEMUULEL------\TEST_REPORT\Enginering model\CODE\VSbased development\OBC\flashoperation.c:354:31:  Error#43  Expecting a declaration
C:\Users\ganga\OneDrive\Documents\------TEMUULEL------\TEST_REPORT\Enginering model\CODE\VSbased development\OBC\flashoperation.c:354:32:  Error#48  Expecting a (
C:\Users\ganga\OneDrive\Documents\------TEMUULEL------\TEST_REPORT\Enginering model\CODE\VSbased development\OBC\flashoperation.c:354:46:  Error#43  Expecting a declaration
C:\Users\ganga\OneDrive\Documents\------TEMUULEL------\TEST_REPORT\Enginering model\CODE\VSbased development\OBC\flashoperation.c:354:56:  Error#43  Expecting a declaration
C:\Users\ganga\OneDrive\Documents\------TEMUULEL------\TEST_REPORT\Enginering model\CODE\VSbased development\OBC\flashoperation.c:354:57:  Error#43  Expecting a declaration
C:\Users\ganga\OneDrive\Documents\------TEMUULEL------\TEST_REPORT\Enginering model\CODE\VSbased development\OBC\flashoperation.c:355:4:  Error#43  Expecting a declaration
C:\Users\ganga\OneDrive\Documents\------TEMUULEL------\TEST_REPORT\Enginering model\CODE\VSbased development\OBC\flashoperation.c:356:18:  Error#28  Expecting an identifier
C:\Users\ganga\OneDrive\Documents\------TEMUULEL------\TEST_REPORT\Enginering model\CODE\VSbased development\OBC\flashoperation.c:357:18:  Error#28  Expecting an identifier
C:\Users\ganga\OneDrive\Documents\------TEMUULEL------\TEST_REPORT\Enginering model\CODE\VSbased development\OBC\flashoperation.c:358:30:  Error#28  Expecting an identifier
C:\Users\ganga\OneDrive\Documents\------TEMUULEL------\TEST_REPORT\Enginering model\CODE\VSbased development\OBC\flashoperation.c:359:31:  Error#28  Expecting an identifier
C:\Users\ganga\OneDrive\Documents\------TEMUULEL------\TEST_REPORT\Enginering model\CODE\VSbased development\OBC\flashoperation.c:360:31:  Error#28  Expecting an identifier
C:\Users\ganga\OneDrive\Documents\------TEMUULEL------\TEST_REPORT\Enginering model\CODE\VSbased development\OBC\flashoperation.c:361:7:  Error#48  Expecting a (
C:\Users\ganga\OneDrive\Documents\------TEMUULEL------\TEST_REPORT\Enginering model\CODE\VSbased development\OBC\flashoperation.c:361:33:  Error#43  Expecting a declaration
C:\Users\ganga\OneDrive\Documents\------TEMUULEL------\TEST_REPORT\Enginering model\CODE\VSbased development\OBC\flashoperation.c:362:7:  Error#48  Expecting a (
C:\Users\ganga\OneDrive\Documents\------TEMUULEL------\TEST_REPORT\Enginering model\CODE\VSbased development\OBC\flashoperation.c:362:26:  Error#48  Expecting a (
C:\Users\ganga\OneDrive\Documents\------TEMUULEL------\TEST_REPORT\Enginering model\CODE\VSbased development\OBC\flashoperation.c:362:45:  Error#43  Expecting a declaration
C:\Users\ganga\OneDrive\Documents\------TEMUULEL------\TEST_REPORT\Enginering model\CODE\VSbased development\OBC\flashoperation.c:363:19:  Error#28  Expecting an identifier
C:\Users\ganga\OneDrive\Documents\------TEMUULEL------\TEST_REPORT\Enginering model\CODE\VSbased development\OBC\flashoperation.c:366:7:  Error#48  Expecting a (
C:\Users\ganga\OneDrive\Documents\------TEMUULEL------\TEST_REPORT\Enginering model\CODE\VSbased development\OBC\flashoperation.c:366:21:  Error#43  Expecting a declaration
C:\Users\ganga\OneDrive\Documents\------TEMUULEL------\TEST_REPORT\Enginering model\CODE\VSbased development\OBC\flashoperation.c:366:22:  Error#43  Expecting a declaration
C:\Users\ganga\OneDrive\Documents\------TEMUULEL------\TEST_REPORT\Enginering model\CODE\VSbased development\OBC\flashoperation.c:366:24:  Error#43  Expecting a declaration
C:\Users\ganga\OneDrive\Documents\------TEMUULEL------\TEST_REPORT\Enginering model\CODE\VSbased development\OBC\flashoperation.c:366:26:  Error#48  Expecting a (
C:\Users\ganga\OneDrive\Documents\------TEMUULEL------\TEST_REPORT\Enginering model\CODE\VSbased development\OBC\flashoperation.c:366:46:  Error#43  Expecting a declaration
C:\Users\ganga\OneDrive\Documents\------TEMUULEL------\TEST_REPORT\Enginering model\CODE\VSbased development\OBC\flashoperation.c:367:7:  Error#48  Expecting a (
C:\Users\ganga\OneDrive\Documents\------TEMUULEL------\TEST_REPORT\Enginering model\CODE\VSbased development\OBC\flashoperation.c:367:21:  Error#43  Expecting a declaration
C:\Users\ganga\OneDrive\Documents\------TEMUULEL------\TEST_REPORT\Enginering model\CODE\VSbased development\OBC\flashoperation.c:367:22:  Error#43  Expecting a declaration
C:\Users\ganga\OneDrive\Documents\------TEMUULEL------\TEST_REPORT\Enginering model\CODE\VSbased development\OBC\flashoperation.c:367:24:  Error#43  Expecting a declaration
C:\Users\ganga\OneDrive\Documents\------TEMUULEL------\TEST_REPORT\Enginering model\CODE\VSbased development\OBC\flashoperation.c:367:26:  Error#48  Expecting a (
C:\Users\ganga\OneDrive\Documents\------TEMUULEL------\TEST_REPORT\Enginering model\CODE\VSbased development\OBC\flashoperation.c:367:46:  Error#43  Expecting a declaration
C:\Users\ganga\OneDrive\Documents\------TEMUULEL------\TEST_REPORT\Enginering model\CODE\VSbased development\OBC\flashoperation.c:368:7:  Error#48  Expecting a (
C:\Users\ganga\OneDrive\Documents\------TEMUULEL------\TEST_REPORT\Enginering model\CODE\VSbased development\OBC\flashoperation.c:368:21:  Error#43  Expecting a declaration
C:\Users\ganga\OneDrive\Documents\------TEMUULEL------\TEST_REPORT\Enginering model\CODE\VSbased development\OBC\flashoperation.c:368:22:  Error#43  Expecting a declaration
C:\Users\ganga\OneDrive\Documents\------TEMUULEL------\TEST_REPORT\Enginering model\CODE\VSbased development\OBC\flashoperation.c:368:24:  Error#43  Expecting a declaration
C:\Users\ganga\OneDrive\Documents\------TEMUULEL------\TEST_REPORT\Enginering model\CODE\VSbased development\OBC\flashoperation.c:368:26:  Error#48  Expecting a (
C:\Users\ganga\OneDrive\Documents\------TEMUULEL------\TEST_REPORT\Enginering model\CODE\VSbased development\OBC\flashoperation.c:368:46:  Error#43  Expecting a declaration
C:\Users\ganga\OneDrive\Documents\------TEMUULEL------\TEST_REPORT\Enginering model\CODE\VSbased development\OBC\flashoperation.c:369:7:  Error#48  Expecting a (
C:\Users\ganga\OneDrive\Documents\------TEMUULEL------\TEST_REPORT\Enginering model\CODE\VSbased development\OBC\flashoperation.c:369:21:  Error#43  Expecting a declaration
C:\Users\ganga\OneDrive\Documents\------TEMUULEL------\TEST_REPORT\Enginering model\CODE\VSbased development\OBC\flashoperation.c:369:22:  Error#43  Expecting a declaration
C:\Users\ganga\OneDrive\Documents\------TEMUULEL------\TEST_REPORT\Enginering model\CODE\VSbased development\OBC\flashoperation.c:369:24:  Error#43  Expecting a declaration
C:\Users\ganga\OneDrive\Documents\------TEMUULEL------\TEST_REPORT\Enginering model\CODE\VSbased development\OBC\flashoperation.c:369:26:  Error#48  Expecting a (
C:\Users\ganga\OneDrive\Documents\------TEMUULEL------\TEST_REPORT\Enginering model\CODE\VSbased development\OBC\flashoperation.c:371:18:  Error#28  Expecting an identifier
C:\Users\ganga\OneDrive\Documents\------TEMUULEL------\TEST_REPORT\Enginering model\CODE\VSbased development\OBC\flashoperation.c:372:18:  Error#28  Expecting an identifier
C:\Users\ganga\OneDrive\Documents\------TEMUULEL------\TEST_REPORT\Enginering model\CODE\VSbased development\OBC\flashoperation.c:373:7:  Error#43  Expecting a declaration
C:\Users\ganga\OneDrive\Documents\------TEMUULEL------\TEST_REPORT\Enginering model\CODE\VSbased development\OBC\flashoperation.c:373:10:  Error#43  Expecting a declaration
C:\Users\ganga\OneDrive\Documents\------TEMUULEL------\TEST_REPORT\Enginering model\CODE\VSbased development\OBC\flashoperation.c:373:22:  Error#48  Expecting a (
C:\Users\ganga\OneDrive\Documents\------TEMUULEL------\TEST_REPORT\Enginering model\CODE\VSbased development\OBC\flashoperation.c:373:26:  Error#43  Expecting a declaration
C:\Users\ganga\OneDrive\Documents\------TEMUULEL------\TEST_REPORT\Enginering model\CODE\VSbased development\OBC\flashoperation.c:373:29:  Error#48  Expecting a (
      100 Errors,  3 Warnings.
Build Failed.
